<?xml version="1.0" encoding="UTF-8"?>
<!-- Generated by org.testng.reporters.JUnitXMLReporter -->
<testsuite hostname="SON04601" ignored="1" name="Default test" tests="2" failures="0" timestamp="2020-04-20T11:33:22 EDT" time="27.417" errors="0">
  <testcase name="invalidSignIn" time="6.921" classname="qa.mobile.Test1"/>
  <testcase name="validSignIn" time="5.748" classname="qa.mobile.Test1"/>
  <testcase name="createAccount" time="0.0" classname="qa.mobile.Test1">
    <ignored/>
  </testcase> <!-- createAccount -->
</testsuite> <!-- Default test -->
