<?xml version="1.0" encoding="UTF-8"?>
<testng-results skipped="0" failed="0" ignored="1" total="3" passed="2">
  <reporter-output>
  </reporter-output>
  <suite name="Default suite" duration-ms="27417" started-at="2020-04-20T11:32:54 EDT" finished-at="2020-04-20T11:33:22 EDT">
    <groups>
    </groups>
    <test name="Default test" duration-ms="27417" started-at="2020-04-20T11:32:54 EDT" finished-at="2020-04-20T11:33:22 EDT">
      <class name="qa.mobile.Test1">
        <test-method status="PASS" signature="beforeClass()[pri:0, instance:qa.mobile.Test1@4b77a7da]" name="beforeClass" is-config="true" duration-ms="13975" started-at="2020-04-20T11:32:54 EDT" finished-at="2020-04-20T11:33:08 EDT">
          <reporter-output>
          </reporter-output>
        </test-method> <!-- beforeClass -->
        <test-method status="PASS" signature="invalidSignIn()[pri:0, instance:qa.mobile.Test1@4b77a7da]" name="invalidSignIn" duration-ms="6921" started-at="2020-04-20T11:33:08 EDT" finished-at="2020-04-20T11:33:15 EDT">
          <reporter-output>
          </reporter-output>
        </test-method> <!-- invalidSignIn -->
        <test-method status="PASS" signature="validSignIn()[pri:0, instance:qa.mobile.Test1@4b77a7da]" name="validSignIn" duration-ms="5748" started-at="2020-04-20T11:33:15 EDT" finished-at="2020-04-20T11:33:21 EDT">
          <reporter-output>
          </reporter-output>
        </test-method> <!-- validSignIn -->
        <test-method status="PASS" signature="afterClass()[pri:0, instance:qa.mobile.Test1@4b77a7da]" name="afterClass" is-config="true" duration-ms="718" started-at="2020-04-20T11:33:21 EDT" finished-at="2020-04-20T11:33:22 EDT">
          <reporter-output>
          </reporter-output>
        </test-method> <!-- afterClass -->
      </class> <!-- qa.mobile.Test1 -->
    </test> <!-- Default test -->
  </suite> <!-- Default suite -->
</testng-results>
