<?xml version="1.0" encoding="UTF-8"?>
<testng-results skipped="0" failed="0" ignored="0" total="1" passed="1">
  <reporter-output>
  </reporter-output>
  <suite name="Default suite" duration-ms="35406" started-at="2020-04-15T19:07:31 EDT" finished-at="2020-04-15T19:08:06 EDT">
    <groups>
    </groups>
    <test name="Default test" duration-ms="35406" started-at="2020-04-15T19:07:31 EDT" finished-at="2020-04-15T19:08:06 EDT">
      <class name="qa.mobile.Test1">
        <test-method status="PASS" signature="beforeClass()[pri:0, instance:qa.mobile.Test1@3844a274]" name="beforeClass" is-config="true" duration-ms="13695" started-at="2020-04-15T19:07:31 EDT" finished-at="2020-04-15T19:07:45 EDT">
          <reporter-output>
          </reporter-output>
        </test-method> <!-- beforeClass -->
        <test-method status="PASS" signature="register()[pri:0, instance:qa.mobile.Test1@3844a274]" name="register" duration-ms="21104" started-at="2020-04-15T19:07:45 EDT" finished-at="2020-04-15T19:08:06 EDT">
          <reporter-output>
          </reporter-output>
        </test-method> <!-- register -->
        <test-method status="PASS" signature="afterClass()[pri:0, instance:qa.mobile.Test1@3844a274]" name="afterClass" is-config="true" duration-ms="570" started-at="2020-04-15T19:08:06 EDT" finished-at="2020-04-15T19:08:06 EDT">
          <reporter-output>
          </reporter-output>
        </test-method> <!-- afterClass -->
      </class> <!-- qa.mobile.Test1 -->
    </test> <!-- Default test -->
  </suite> <!-- Default suite -->
</testng-results>
